Money: imp02fd124826240972619828e784c366a7f8f33a97_fa7655d00ddf24f3219 amount
Money: imp08860f33bfd18ff23dc8205a4a38583fa391f747_c9a8a7ba8d457fb8ee8 amount
Money: imp118f020a448066df94aad461a88f71f52cdb405b_71cbb0fd12e6bbe2ffc amount
Money: imp11ac44aa115add0fe733a26e18d9b07387f0765b_fa7655d00ddf24f3219 amount
Money: imp12c295fbfef4195581a11fba6cc2d308b7cfedb7_fa7655d00ddf24f3219 amount
Money: imp196192cef1e449f69aec73e5777a5a597311b3cd_c9a8a7ba8d457fb8ee8 amount
Money: imp22b00766ff788021fb11538fbb100e3614015d51_8edb43bb082e42d8a77 amount
Money: imp25daf7153a5fe4b894c96a0381d28a628af275f6_51c2f965a3e8c93a83e amount
Money: imp2da114b267c030abc4f6c619af5fd60e71daa00c_7e68010a018a73634dd amount_in_sterling
Money: imp2f5346bd0e9273f4586ff1542ae828eb456b9ca7_a5b6542e4481c6c0f42 amount
Money: imp300652a895cc8cc73f2c6c89b2a91372d35ba53c_be4cbf531e5ec28efa0 amount___s
Money: imp30abb10ab3db280d491e23a881a8a556b85b4452_51c2f965a3e8c93a83e amount
Money: imp3145357d12d0daa1fcc5059f1c4951252b6a66c4_bef7f279db467c0ab3f amount
Money: imp350ff50ea68b74761298222e0b67b3024825f8fb_bef7f279db467c0ab3f amount
Money: imp35cf3ec9562802fd58960751a18860a307ad7272_fa7655d00ddf24f3219 amount
Money: imp3632cb85a0a427b527cc414218be5e2a01e99866_c9a8a7ba8d457fb8ee8 amount
Money: imp3f02782e7d757aa531aede11796b52cfba411f8d_fa7655d00ddf24f3219 amount
Money: imp3f42fabd2542ec134082babcaacab338ce29561c_89c02c62a64851354a4 amount
Money: imp3fc644ca2f3f9fc6bef9958941b266672cc58d4d_056de19e5d50f548bf4 ap_amount
Money: imp4103c4a770a221240e04c71536480c5eea319b5c_85531314a1abfd8e544 amount
Money: imp431809b143b6674a81a4ab3466cbfc40b0882293_fa7655d00ddf24f3219 amount
Money: imp4b1768dd6c6a2fd13091384e048eb0fdb5ec25bd_013b8e646dc5c43441b amount
Money: imp4c3388b2e3ea75d0b3229821bc532e826e4941ab_f173b985acec9d7e25b amount
Money: imp514369964c6ad9cad5199e564b3974dc4a1d9004_326ec6fe70fac55c297 transaction_amount
Money: imp52033406e55c4070d832b3ff0a44b1d4a1abad06_c9a8a7ba8d457fb8ee8 amount
Money: imp53b2969db2bd825e529f9ff545ba6bc3d7a3e200_013b8e646dc5c43441b amount
Money: imp544ba9164e26029ed12d8b2bd476d7408c340cfa_fa7655d00ddf24f3219 amount
Money: imp5830d4c14ce0798a7578129ce1763720e6971863_013b8e646dc5c43441b amount
Money: imp5846929abf07ab9789fad1acbe81f821ec702d23_51c2f965a3e8c93a83e amount
Money: imp58a2524621c1371e3cdeb9725b0e3d67adb7e026_85531314a1abfd8e544 amount
Money: imp5bc6a2cde2d2d2dbfeeb1de39461a38026cd11bf_056de19e5d50f548bf4 ap_amount
Money: imp5ff1da956ec7caf1cd9d8858c8c81f676c1d48ea_bef7f279db467c0ab3f amount
Money: imp622885b2600bce64c8ca243faf9c3ed9e2d7ccb0_7e68010a018a73634dd amount_in_sterling
Money: imp67abef52181c92c644a0b869da792c5f85bf1a3f_fa7655d00ddf24f3219 amount
Money: imp681e197eb9bc93eade890af30cd6b73fb0fc539d_d9b1351620e07fdbcf3 amount
Money: imp6847a4eb05ac04ec1e0e5d33e4d86c76a6ca2534_fa7655d00ddf24f3219 amount
Money: imp7426cfa656695e732fc2b921804b30939366895b_be4cbf531e5ec28efa0 amount_____s
Money: imp76540b8995e3d1a355cf966cca7bc2bc2aad20b1_fa7655d00ddf24f3219 amount
Money: imp78f10c2a313c1a3957755b3648d04c7740c71e5c_85531314a1abfd8e544 amount
Money: imp7a32e6f664f901f121109bcac4b8f0adecb1e209_51c2f965a3e8c93a83e amount
Money: imp7ab5273541e417630667098638b018c3faf85dd8_212b8aa5aa5a82cd4f6 amount
Money: imp7bf9dafce312dc2f5bb727cbb6e0ab5afbf4b3d9_fa7655d00ddf24f3219 amount
Money: imp7fb4f7bbff6735014f19fea00c4896b1ccb55d6f_fa7655d00ddf24f3219 amount
Money: imp83dfff48f36f06c8861e83d5bb2e27c49aca2bec_c9a8a7ba8d457fb8ee8 amount
Money: imp84337bdf0e2ebe27443658f28b029af39a97df43_a5b6542e4481c6c0f42 amount
Money: imp849de1869b257ed14422b42a5686364a844f3772_f173b985acec9d7e25b amount
Money: imp881cab12a7bbd2e6957e62f85fa4d8f9ff530ce8_51c2f965a3e8c93a83e amount
Money: imp8a5e49c625c2b08346c3a9c017e48a1adb879766_c37b20778b8bac50d96 amount
Money: imp8e9f9e0b3bb91b12b4d1882cbd99e51c8073017d_85531314a1abfd8e544 amount
Money: imp9110b6142df341ec02060eb1e5143103df8b3102_013b8e646dc5c43441b amount
Money: imp93bbd1bfc185f6ca9e912534f6f220d6b281119c_fa7655d00ddf24f3219 amount
Money: imp989d2c2b35e142b3bd63f4527c70439ba5553777_18e61f83582e81ff615 amount_exc_vat
Money: imp99d3ff3d651c4142cb268838d8ebd86e4c177b72_fa7655d00ddf24f3219 amount
Money: imp99e1acdf994230b91a7f8f0dd97c3d3f03e1399d_fa7655d00ddf24f3219 amount
Money: imp9a29a3c928d72c13186be79f87c070de7e504d93_056de19e5d50f548bf4 ap_amount
Money: imp9cbbc4d5823403060e76661a18d85e8817386f7f_347478a7f86dd8e147d amount
Money: imp9e919543f749fdd05fc0da9ced1a47ab4bbf9df8_fa7655d00ddf24f3219 amount
Money: impa86880d91cd0853da6447b19b88ea39ecbe0edd8_fa7655d00ddf24f3219 amount
Money: impa92799aecf4632e1af48ea3f427515180d1516b9_85531314a1abfd8e544 amount
Money: impb071972d8941f6c466905bb86fdc891498a87dfb_fa7655d00ddf24f3219 amount
Money: impb12d622c44238f158c04b78e9c6f84bdd18d8638_85531314a1abfd8e544 amount
Money: impb7acaaab86fb89c43d24616cb2cd10252eaae8be_fa7655d00ddf24f3219 amount
Money: impb8b027e8a551030f59461b55859b22129520ca3b_bef7f279db467c0ab3f amount__s
Money: impb90b238f4e16910e3ede70d90cbf096d30db4d46_c9a8a7ba8d457fb8ee8 amount
Money: impba1a910cfacee45096b2d238259a8edf0dcf0f88_bef7f279db467c0ab3f amount
Money: impbb3807b33310de91fe10fc305824c168e347fd20_fa7655d00ddf24f3219 amount
Money: impbd456524bb440b96b5ccedb637cce44c7a296580_056de19e5d50f548bf4 ap_amount
Money: impc38efbb261ff11f8d3d8a3470a0b5211210a2cdd_fa7655d00ddf24f3219 amount
Money: impc50a700b0c0700138f571765455a41153f922d77_7e68010a018a73634dd amount_in_sterling
Money: impc675e471072136ff8a63c96707fef267a887a686_fa7655d00ddf24f3219 amount
Money: impc9fda8dc9d3e660fa07050234234b75a2b165f82_056de19e5d50f548bf4 ap_amount
Money: impca152e87c9c4aae1ee8dcac5c71633fc7ce14012_71cbb0fd12e6bbe2ffc amount
Money: impce53a75fd7c3a6816139cae6ebeca3443766df51_39764d78d8e698fc325 amount
Money: impcf11752fe4a1a7728d97c44607cbae3d3cde16bf_056de19e5d50f548bf4 ap_amount
Money: impd1b73520b0da77e361479623ec426ba1ec711be3_fa7655d00ddf24f3219 amount
Money: impd5bdf9fed03092cd534953e31547579605e1e2ef_fa7655d00ddf24f3219 amount
Money: impd786b368d1a65a6bf236d22bed42862c12282e78_18e61f83582e81ff615 amount_exc_vat
Money: impd8acd9a08a2be08d59dad18f5368d409546aba6f_85531314a1abfd8e544 amount
Money: impd8da2e9267aceade2b2069d11543c81c658896d3_056de19e5d50f548bf4 ap_amount
Money: impdca05d6b6595a493d3e2ff3f0c5fdfd30d8c2110_18e61f83582e81ff615 amount_exc_vat
Money: impdd60b119884785b875ec35c86dadd97c2fec9c2e_7e68010a018a73634dd amount_in_sterling
Money: impde4f299f061d09027e6529d0dd7a039c11e608a8_056de19e5d50f548bf4 ap_amount
Money: impe82b724002b7c377f8665b5be5c8fea83f78f63c_51c2f965a3e8c93a83e amount
Money: impe84c071dbfc2747d113f57a4eaf55e6e536d5ed4_fa7655d00ddf24f3219 amount
Money: impea708e71882446bdd11a5b2c781dc76d2130ea68_fa7655d00ddf24f3219 amount
Money: impecca5f2175bc21005e1411b969215a5c21adaa9e_71cbb0fd12e6bbe2ffc amount
Money: impecd482f47e061ccfde2279197242d087793f8815_fa7655d00ddf24f3219 amount
Money: impf0814c1e3eb3170872926a9962d9871dbf49073d_be4cbf531e5ec28efa0 amount_____s
Money: impf092a96b68053653d3627d2328b15e4bb2989902_7e68010a018a73634dd amount_in_sterling
Money: impf2cc7735258564870e7ef49fc9540f16dc1861d9_fa7655d00ddf24f3219 amount
Money: impf59c4069104d74f4c32eb9fb75f031bc437e82bd_d9b1351620e07fdbcf3 amount
Money: impf7f7f7f0b468169405565519384228cdf32e6a41_013b8e646dc5c43441b amount
Money: impf99501afacb70f89119afe0e8969e83c6db984c8_326ec6fe70fac55c297 transaction_amount
Money: impf9dad9c6116b8b8c35c4eb776066c1e9f64c2ce3_2e73ac7c246b8afb0ca amount
Money: impfc14a718573726e95be04d58ae426fb039f12f4c_fa7655d00ddf24f3219 amount


----------------------------------


Money: imp02fd124826240972619828e784c366a7f8f33a97_fa7655d00ddf24f3219 amount
Money: imp08860f33bfd18ff23dc8205a4a38583fa391f747_c9a8a7ba8d457fb8ee8 amount
Money: imp118f020a448066df94aad461a88f71f52cdb405b_71cbb0fd12e6bbe2ffc amount
Money: imp11ac44aa115add0fe733a26e18d9b07387f0765b_fa7655d00ddf24f3219 amount
Money: imp12c295fbfef4195581a11fba6cc2d308b7cfedb7_fa7655d00ddf24f3219 amount
Money: imp196192cef1e449f69aec73e5777a5a597311b3cd_c9a8a7ba8d457fb8ee8 amount
Money: imp22b00766ff788021fb11538fbb100e3614015d51_8edb43bb082e42d8a77 amount
Money: imp25daf7153a5fe4b894c96a0381d28a628af275f6_51c2f965a3e8c93a83e amount
Money: imp2da114b267c030abc4f6c619af5fd60e71daa00c_7e68010a018a73634dd amount_in_sterling

(pq: column "amount" does not exist)
[2014-06-17 16:25:53]
Money: imp2f5346bd0e9273f4586ff1542ae828eb456b9ca7_a5b6542e4481c6c0f42 amount

(pq: invalid input syntax for type numeric: "?295869.32")
[2014-06-17 16:25:53]
Money: imp300652a895cc8cc73f2c6c89b2a91372d35ba53c_be4cbf531e5ec28efa0 amount___s

(pq: column "amount" does not exist)
[2014-06-17 16:25:53]
Money: imp30abb10ab3db280d491e23a881a8a556b85b4452_51c2f965a3e8c93a83e amount
Money: imp3145357d12d0daa1fcc5059f1c4951252b6a66c4_bef7f279db467c0ab3f amount
Money: imp350ff50ea68b74761298222e0b67b3024825f8fb_bef7f279db467c0ab3f amount

(pq: invalid input syntax for type numeric: "?71869.40")
[2014-06-17 16:25:54]
Money: imp35cf3ec9562802fd58960751a18860a307ad7272_fa7655d00ddf24f3219 amount
Money: imp3632cb85a0a427b527cc414218be5e2a01e99866_c9a8a7ba8d457fb8ee8 amount
Money: imp3f02782e7d757aa531aede11796b52cfba411f8d_fa7655d00ddf24f3219 amount
Money: imp3f42fabd2542ec134082babcaacab338ce29561c_89c02c62a64851354a4 amount
Money: imp3fc644ca2f3f9fc6bef9958941b266672cc58d4d_056de19e5d50f548bf4 ap_amount

(pq: column "amount" does not exist)
[2014-06-17 16:25:56]
Money: imp4103c4a770a221240e04c71536480c5eea319b5c_85531314a1abfd8e544 amount
Money: imp431809b143b6674a81a4ab3466cbfc40b0882293_fa7655d00ddf24f3219 amount
Money: imp4b1768dd6c6a2fd13091384e048eb0fdb5ec25bd_013b8e646dc5c43441b amount

(pq: invalid input syntax for type numeric: "?7303.04")
[2014-06-17 16:25:58]
Money: imp4c3388b2e3ea75d0b3229821bc532e826e4941ab_f173b985acec9d7e25b amount
Money: imp514369964c6ad9cad5199e564b3974dc4a1d9004_326ec6fe70fac55c297 transaction_amount

(pq: column "amount" does not exist)
[2014-06-17 16:25:59]  c2f5bb727cbb6e0ab5afbf4b3d9_fa7655d00ddf24f3219 amount
Money: imp52033406e55c4070d832b3ff0a44b1d4a1abad06_c9a8a7ba8d457fb8ee8 amount
Money: imp53b2969db2bd825e529f9ff545ba6bc3d7a3e200_013b8e646dc5c43441b amount
Money: imp544ba9164e26029ed12d8b2bd476d7408c340cfa_fa7655d00ddf24f3219 amount
Money: imp5830d4c14ce0798a7578129ce1763720e6971863_013b8e646dc5c43441b amount
Money: imp881cab12a7bbd2e6957e62f85fa4d8f9ff530ce8_51c2f965a3e8c93a83e amount
(pq: invalid input syntax for type numeric: "") 66_c37b20778b8bac50d96 amount
[2014-06-17 16:26:01]  b12b4d1882cbd99e51c8073017d_85531314a1abfd8e544 amount
Money: imp5846929abf07ab9789fad1acbe81f821ec702d23_51c2f965a3e8c93a83e amount
Money: imp58a2524621c1371e3cdeb9725b0e3d67adb7e026_85531314a1abfd8e544 amount
Money: imp5bc6a2cde2d2d2dbfeeb1de39461a38026cd11bf_056de19e5d50f548bf4 ap_amountc_vat
Money: imp99d3ff3d651c4142cb268838d8ebd86e4c177b72_fa7655d00ddf24f3219 amount
(pq: column "amount" does not exist) c3d3f03e1399d_fa7655d00ddf24f3219 amount
[2014-06-17 16:26:02]  c13186be79f87c070de7e504d93_056de19e5d50f548bf4 ap_amount
Money: imp5ff1da956ec7caf1cd9d8858c8c81f676c1d48ea_bef7f279db467c0ab3f amount
Money: imp622885b2600bce64c8ca243faf9c3ed9e2d7ccb0_7e68010a018a73634dd amount_in_sterling
Money: impa86880d91cd0853da6447b19b88ea39ecbe0edd8_fa7655d00ddf24f3219 amount
(pq: column "amount" does not exist) 515180d1516b9_85531314a1abfd8e544 amount
[2014-06-17 16:26:03]  6c466905bb86fdc891498a87dfb_fa7655d00ddf24f3219 amount
Money: imp67abef52181c92c644a0b869da792c5f85bf1a3f_fa7655d00ddf24f3219 amount
Money: imp681e197eb9bc93eade890af30cd6b73fb0fc539d_d9b1351620e07fdbcf3 amount
Money: imp6847a4eb05ac04ec1e0e5d33e4d86c76a6ca2534_fa7655d00ddf24f3219 amount__s
Money: imp7426cfa656695e732fc2b921804b30939366895b_be4cbf531e5ec28efa0 amount_____s
Money: impba1a910cfacee45096b2d238259a8edf0dcf0f88_bef7f279db467c0ab3f amount
(pq: column "amount" does not exist) 4c168e347fd20_fa7655d00ddf24f3219 amount
[2014-06-17 16:26:06]  b96b5ccedb637cce44c7a296580_056de19e5d50f548bf4 ap_amount
Money: imp76540b8995e3d1a355cf966cca7bc2bc2aad20b1_fa7655d00ddf24f3219 amount
Money: imp78f10c2a313c1a3957755b3648d04c7740c71e5c_85531314a1abfd8e544 amount_in_sterling
Money: imp7a32e6f664f901f121109bcac4b8f0adecb1e209_51c2f965a3e8c93a83e amount
Money: imp7ab5273541e417630667098638b018c3faf85dd8_212b8aa5aa5a82cd4f6 amountunt
Money: impca152e87c9c4aae1ee8dcac5c71633fc7ce14012_71cbb0fd12e6bbe2ffc amount
(pq: invalid input syntax for type numeric: "?9337.50") d78d8e698fc325 amount
[2014-06-17 16:26:07]  7728d97c44607cbae3d3cde16bf_056de19e5d50f548bf4 ap_amount
Money: imp7bf9dafce312dc2f5bb727cbb6e0ab5afbf4b3d9_fa7655d00ddf24f3219 amount
Money: imp7fb4f7bbff6735014f19fea00c4896b1ccb55d6f_fa7655d00ddf24f3219 amount
Money: imp83dfff48f36f06c8861e83d5bb2e27c49aca2bec_c9a8a7ba8d457fb8ee8 amount_exc_vat
Money: imp84337bdf0e2ebe27443658f28b029af39a97df43_a5b6542e4481c6c0f42 amount
Money: imp849de1869b257ed14422b42a5686364a844f3772_f173b985acec9d7e25b amountunt
Money: imp881cab12a7bbd2e6957e62f85fa4d8f9ff530ce8_51c2f965a3e8c93a83e amount_exc_vat
Money: imp8a5e49c625c2b08346c3a9c017e48a1adb879766_c37b20778b8bac50d96 amount_in_sterling
Money: imp8e9f9e0b3bb91b12b4d1882cbd99e51c8073017d_85531314a1abfd8e544 amountunt
Money: imp9110b6142df341ec02060eb1e5143103df8b3102_013b8e646dc5c43441b amount
Money: imp93bbd1bfc185f6ca9e912534f6f220d6b281119c_fa7655d00ddf24f3219 amount
Money: imp989d2c2b35e142b3bd63f4527c70439ba5553777_18e61f83582e81ff615 amount_exc_vat
Money: impecca5f2175bc21005e1411b969215a5c21adaa9e_71cbb0fd12e6bbe2ffc amount
(pq: column "amount" does not exist) 2d087793f8815_fa7655d00ddf24f3219 amount
[2014-06-17 16:26:15]  70872926a9962d9871dbf49073d_be4cbf531e5ec28efa0 amount_____s
Money: imp99d3ff3d651c4142cb268838d8ebd86e4c177b72_fa7655d00ddf24f3219 amount_in_sterling
Money: imp99e1acdf994230b91a7f8f0dd97c3d3f03e1399d_fa7655d00ddf24f3219 amount
Money: imp9a29a3c928d72c13186be79f87c070de7e504d93_056de19e5d50f548bf4 ap_amount
Money: impf7f7f7f0b468169405565519384228cdf32e6a41_013b8e646dc5c43441b amount
(pq: column "amount" does not exist) 9e83c6db984c8_326ec6fe70fac55c297 transaction_amount
[2014-06-17 16:26:15]  b8c35c4eb776066c1e9f64c2ce3_2e73ac7c246b8afb0ca amount
Money: imp9cbbc4d5823403060e76661a18d85e8817386f7f_347478a7f86dd8e147d amount
[martini] listening on :3000 (development)
(pq: invalid input syntax for type numeric: "?34492.26")
[2014-06-17 16:26:15]
Money: imp9e919543f749fdd05fc0da9ced1a47ab4bbf9df8_fa7655d00ddf24f3219 amount
Money: impa86880d91cd0853da6447b19b88ea39ecbe0edd8_fa7655d00ddf24f3219 amount
Money: impa92799aecf4632e1af48ea3f427515180d1516b9_85531314a1abfd8e544 amount
Money: impb071972d8941f6c466905bb86fdc891498a87dfb_fa7655d00ddf24f3219 amount
Money: impb12d622c44238f158c04b78e9c6f84bdd18d8638_85531314a1abfd8e544 amount
Money: impb7acaaab86fb89c43d24616cb2cd10252eaae8be_fa7655d00ddf24f3219 amount
Money: impb8b027e8a551030f59461b55859b22129520ca3b_bef7f279db467c0ab3f amount__s

(pq: column "amount" does not exist)
[2014-06-17 16:26:18]
Money: impb90b238f4e16910e3ede70d90cbf096d30db4d46_c9a8a7ba8d457fb8ee8 amount
Money: impba1a910cfacee45096b2d238259a8edf0dcf0f88_bef7f279db467c0ab3f amount

(pq: invalid input syntax for type numeric: "")
[2014-06-17 16:26:18]
Money: impbb3807b33310de91fe10fc305824c168e347fd20_fa7655d00ddf24f3219 amount
Money: impbd456524bb440b96b5ccedb637cce44c7a296580_056de19e5d50f548bf4 ap_amount

(pq: column "amount" does not exist)
[2014-06-17 16:26:19]
Money: impc38efbb261ff11f8d3d8a3470a0b5211210a2cdd_fa7655d00ddf24f3219 amount
Money: impc50a700b0c0700138f571765455a41153f922d77_7e68010a018a73634dd amount_in_sterling

(pq: column "amount" does not exist)
[2014-06-17 16:26:20]
Money: impc675e471072136ff8a63c96707fef267a887a686_fa7655d00ddf24f3219 amount
Money: impc9fda8dc9d3e660fa07050234234b75a2b165f82_056de19e5d50f548bf4 ap_amount

(pq: column "amount" does not exist)
[2014-06-17 16:26:21]
Money: impca152e87c9c4aae1ee8dcac5c71633fc7ce14012_71cbb0fd12e6bbe2ffc amount
Money: impce53a75fd7c3a6816139cae6ebeca3443766df51_39764d78d8e698fc325 amount
Money: impcf11752fe4a1a7728d97c44607cbae3d3cde16bf_056de19e5d50f548bf4 ap_amount

(pq: column "amount" does not exist)
[2014-06-17 16:26:23]
Money: impd1b73520b0da77e361479623ec426ba1ec711be3_fa7655d00ddf24f3219 amount
Money: impd5bdf9fed03092cd534953e31547579605e1e2ef_fa7655d00ddf24f3219 amount
Money: impd786b368d1a65a6bf236d22bed42862c12282e78_18e61f83582e81ff615 amount_exc_vat

(pq: column "amount" does not exist)
[2014-06-17 16:26:24]
Money: impd8acd9a08a2be08d59dad18f5368d409546aba6f_85531314a1abfd8e544 amount
Money: impd8da2e9267aceade2b2069d11543c81c658896d3_056de19e5d50f548bf4 ap_amount

(pq: column "amount" does not exist)
[2014-06-17 16:26:24]
Money: impdca05d6b6595a493d3e2ff3f0c5fdfd30d8c2110_18e61f83582e81ff615 amount_exc_vat

(pq: column "amount" does not exist)
[2014-06-17 16:26:24]
Money: impdd60b119884785b875ec35c86dadd97c2fec9c2e_7e68010a018a73634dd amount_in_sterling

(pq: column "amount" does not exist)
[2014-06-17 16:26:25]
Money: impde4f299f061d09027e6529d0dd7a039c11e608a8_056de19e5d50f548bf4 ap_amount

(pq: column "amount" does not exist)
[2014-06-17 16:26:25]
Money: impe82b724002b7c377f8665b5be5c8fea83f78f63c_51c2f965a3e8c93a83e amount
Money: impe84c071dbfc2747d113f57a4eaf55e6e536d5ed4_fa7655d00ddf24f3219 amount
Money: impea708e71882446bdd11a5b2c781dc76d2130ea68_fa7655d00ddf24f3219 amount
Money: impecca5f2175bc21005e1411b969215a5c21adaa9e_71cbb0fd12e6bbe2ffc amount
Money: impecd482f47e061ccfde2279197242d087793f8815_fa7655d00ddf24f3219 amount
Money: impf0814c1e3eb3170872926a9962d9871dbf49073d_be4cbf531e5ec28efa0 amount_____s

(pq: column "amount" does not exist)
[2014-06-17 16:26:28]
Money: impf092a96b68053653d3627d2328b15e4bb2989902_7e68010a018a73634dd amount_in_sterling

(pq: column "amount" does not exist)
[2014-06-17 16:26:28]
Money: impf2cc7735258564870e7ef49fc9540f16dc1861d9_fa7655d00ddf24f3219 amount
Money: impf59c4069104d74f4c32eb9fb75f031bc437e82bd_d9b1351620e07fdbcf3 amount

(pq: invalid input syntax for type numeric: "<4913.10>")
[2014-06-17 16:26:29]
Money: impf7f7f7f0b468169405565519384228cdf32e6a41_013b8e646dc5c43441b amount
Money: impf99501afacb70f89119afe0e8969e83c6db984c8_326ec6fe70fac55c297 transaction_amount

(pq: column "amount" does not exist)
[2014-06-17 16:26:30]
Money: impf9dad9c6116b8b8c35c4eb776066c1e9f64c2ce3_2e73ac7c246b8afb0ca amount
Money: impfc14a718573726e95be04d58ae426fb039f12f4c_fa7655d00ddf24f3219 amount
